1520927076073	geckodriver	INFO	geckodriver 0.20.0
1520927076084	geckodriver	INFO	Listening on 127.0.0.1:58614
1520927079130	mozrunner::runner	INFO	Running command: "E:\\Program Files\\Nightly\\firefox.exe" "-marionette" "-profile" "C:\\Users\\ADMINI~1\\AppData\\Local\\Temp\\rust_mozprofile.35SfOOhDjjUL"
1520927082966	Marionette	INFO	Listening on port 58634
1520927083338	Marionette	WARN	TLS certificate errors will be ignored for this session
Unable to read VR Path Registry from C:\Users\Administrator\AppData\Local\openvr\openvrpaths.vrpath
[Parent 13500, Gecko_IOThread] WARNING: pipe error: 109: file z:/build/build/src/ipc/chromium/src/chrome/common/ipc_channel_win.cc, line 346
[Parent 13500, Gecko_IOThread] WARNING: pipe error: 109: file z:/build/build/src/ipc/chromium/src/chrome/common/ipc_channel_win.cc, line 346
Unable to read VR Path Registry from C:\Users\Administrator\AppData\Local\openvr\openvrpaths.vrpath
[Child 13788, Chrome_ChildThread] WARNING: pipe error: 109: file z:/build/build/src/ipc/chromium/src/chrome/common/ipc_channel_win.cc, line 346
[Child 13788, Chrome_ChildThread] WARNING: pipe error: 109: file z:/build/build/src/ipc/chromium/src/chrome/common/ipc_channel_win.cc, line 346
Unable to read VR Path Registry from C:\Users\Administrator\AppData\Local\openvr\openvrpaths.vrpath
[Child 8316, Chrome_ChildThread] WARNING: pipe error: 109: file z:/build/build/src/ipc/chromium/src/chrome/common/ipc_channel_win.cc, line 346
[Child 8316, Chrome_ChildThread] WARNING: pipe error: 109: file z:/build/build/src/ipc/chromium/src/chrome/common/ipc_channel_win.cc, line 346
Unable to read VR Path Registry from C:\Users\Administrator\AppData\Local\openvr\openvrpaths.vrpath
[Child 11020, Chrome_ChildThread] WARNING: pipe error: 109: file z:/build/build/src/ipc/chromium/src/chrome/common/ipc_channel_win.cc, line 346
[Child 11020, Chrome_ChildThread] WARNING: pipe error: 109: file z:/build/build/src/ipc/chromium/src/chrome/common/ipc_channel_win.cc, line 346
[Parent 13500, Gecko_IOThread] WARNING: file z:/build/build/src/ipc/chromium/src/base/process_util_win.cc, line 188
*** UTM:SVC TimerManager:registerTimer called after profile-before-change notification. Ignoring timer registration for id: telemetry_modules_ping

###!!! [Child][MessageChannel::SendAndWait] Error: Channel error: cannot send/recv

1520927149051	geckodriver	INFO	geckodriver 0.20.0
1520927149062	geckodriver	INFO	Listening on 127.0.0.1:58973
1520927152076	mozrunner::runner	INFO	Running command: "E:\\Program Files\\Nightly\\firefox.exe" "-marionette" "-profile" "C:\\Users\\ADMINI~1\\AppData\\Local\\Temp\\rust_mozprofile.7LFKg2BHi9JU"
1520927157440	Marionette	INFO	Listening on port 58993
1520927157878	Marionette	WARN	TLS certificate errors will be ignored for this session
Unable to read VR Path Registry from C:\Users\Administrator\AppData\Local\openvr\openvrpaths.vrpath
[Child 9464, Chrome_ChildThread] WARNING: pipe error: 109: file z:/build/build/src/ipc/chromium/src/chrome/common/ipc_channel_win.cc, line 346
Unable to read VR Path Registry from C:\Users\Administrator\AppData\Local\openvr\openvrpaths.vrpath
[Child 9328, Chrome_ChildThread] WARNING: pipe error: 109: file z:/build/build/src/ipc/chromium/src/chrome/common/ipc_channel_win.cc, line 346
[Child 9328, Chrome_ChildThread] WARNING: pipe error: 109: file z:/build/build/src/ipc/chromium/src/chrome/common/ipc_channel_win.cc, line 346
Unable to read VR Path Registry from C:\Users\Administrator\AppData\Local\openvr\openvrpaths.vrpath
[Parent 10068, Gecko_IOThread] WARNING: pipe error: 109: file z:/build/build/src/ipc/chromium/src/chrome/common/ipc_channel_win.cc, line 346
[Parent 10068, Gecko_IOThread] WARNING: file z:/build/build/src/ipc/chromium/src/base/process_util_win.cc, line 188
*** UTM:SVC TimerManager:registerTimer called after profile-before-change notification. Ignoring timer registration for id: telemetry_modules_ping
Unable to read VR Path Registry from C:\Users\Administrator\AppData\Local\openvr\openvrpaths.vrpath
[GPU 6604, Chrome_ChildThread] WARNING: pipe error: 109: file z:/build/build/src/ipc/chromium/src/chrome/common/ipc_channel_win.cc, line 346

###!!! [Child][MessageChannel::SendAndWait] Error: Channel error: cannot send/recv

1520936347490	geckodriver	INFO	geckodriver 0.20.0
1520936347501	geckodriver	INFO	Listening on 127.0.0.1:50512
1520936350553	mozrunner::runner	INFO	Running command: "E:\\Program Files\\Nightly\\firefox.exe" "-marionette" "-profile" "C:\\Users\\ADMINI~1\\AppData\\Local\\Temp\\rust_mozprofile.CRmCu99rFN7S"
1520936355358	Marionette	INFO	Listening on port 50533
1520936355878	Marionette	WARN	TLS certificate errors will be ignored for this session
Unable to read VR Path Registry from C:\Users\Administrator\AppData\Local\openvr\openvrpaths.vrpath
[Child 11988, Chrome_ChildThread] WARNING: pipe error: 109: file z:/build/build/src/ipc/chromium/src/chrome/common/ipc_channel_win.cc, line 346
[Child 11988, Chrome_ChildThread] WARNING: pipe error: 109: file z:/build/build/src/ipc/chromium/src/chrome/common/ipc_channel_win.cc, line 346
Unable to read VR Path Registry from C:\Users\Administrator\AppData\Local\openvr\openvrpaths.vrpath
[Child 10160, Chrome_ChildThread] WARNING: pipe error: 109: file z:/build/build/src/ipc/chromium/src/chrome/common/ipc_channel_win.cc, line 346
[Child 10160, Chrome_ChildThread] WARNING: pipe error: 109: file z:/build/build/src/ipc/chromium/src/chrome/common/ipc_channel_win.cc, line 346
Unable to read VR Path Registry from C:\Users\Administrator\AppData\Local\openvr\openvrpaths.vrpath
[Parent 2736, Gecko_IOThread] WARNING: pipe error: 109: file z:/build/build/src/ipc/chromium/src/chrome/common/ipc_channel_win.cc, line 346
Unable to read VR Path Registry from C:\Users\Administrator\AppData\Local\openvr\openvrpaths.vrpath
[Child 7464, Chrome_ChildThread] WARNING: pipe error: 109: file z:/build/build/src/ipc/chromium/src/chrome/common/ipc_channel_win.cc, line 346
[Child 7464, Chrome_ChildThread] WARNING: pipe error: 109: file z:/build/build/src/ipc/chromium/src/chrome/common/ipc_channel_win.cc, line 346
[Parent 2736, Gecko_IOThread] WARNING: file z:/build/build/src/ipc/chromium/src/base/process_util_win.cc, line 188
*** UTM:SVC TimerManager:registerTimer called after profile-before-change notification. Ignoring timer registration for id: telemetry_modules_ping

###!!! [Child][MessageChannel::SendAndWait] Error: Channel error: cannot send/recv

1521787033949	geckodriver	INFO	geckodriver 0.20.0
1521787033984	geckodriver	INFO	Listening on 127.0.0.1:9560
1521787037041	mozrunner::runner	INFO	Running command: "E:\\Program Files\\Nightly\\firefox.exe" "-marionette" "-profile" "C:\\Users\\ADMINI~1\\AppData\\Local\\Temp\\rust_mozprofile.ZptypJuF0Cf3"
1521787047166	Marionette	INFO	Listening on port 9568
1521787047819	Marionette	WARN	TLS certificate errors will be ignored for this session
Unable to read VR Path Registry from C:\Users\Administrator\AppData\Local\openvr\openvrpaths.vrpath
[Parent 4996, Gecko_IOThread] WARNING: pipe error: 109: file z:/build/build/src/ipc/chromium/src/chrome/common/ipc_channel_win.cc, line 346
[Parent 4996, Gecko_IOThread] WARNING: pipe error: 109: file z:/build/build/src/ipc/chromium/src/chrome/common/ipc_channel_win.cc, line 346
Unable to read VR Path Registry from C:\Users\Administrator\AppData\Local\openvr\openvrpaths.vrpath
[Child 10564, Chrome_ChildThread] WARNING: pipe error: 109: file z:/build/build/src/ipc/chromium/src/chrome/common/ipc_channel_win.cc, line 346
[Child 10564, Chrome_ChildThread] WARNING: pipe error: 109: file z:/build/build/src/ipc/chromium/src/chrome/common/ipc_channel_win.cc, line 346
Unable to read VR Path Registry from C:\Users\Administrator\AppData\Local\openvr\openvrpaths.vrpath
[Child 2768, Chrome_ChildThread] WARNING: pipe error: 109: file z:/build/build/src/ipc/chromium/src/chrome/common/ipc_channel_win.cc, line 346
[Child 2768, Chrome_ChildThread] WARNING: pipe error: 109: file z:/build/build/src/ipc/chromium/src/chrome/common/ipc_channel_win.cc, line 346
[Parent 4996, Gecko_IOThread] WARNING: file z:/build/build/src/ipc/chromium/src/base/process_util_win.cc, line 188
*** UTM:SVC TimerManager:registerTimer called after profile-before-change notification. Ignoring timer registration for id: telemetry_modules_ping

###!!! [Child][MessageChannel::SendAndWait] Error: Channel error: cannot send/recv

1521793682177	geckodriver	INFO	geckodriver 0.20.0
1521793682188	geckodriver	INFO	Listening on 127.0.0.1:11175
1521793685248	mozrunner::runner	INFO	Running command: "E:\\Program Files\\Nightly\\firefox.exe" "-marionette" "-profile" "C:\\Users\\ADMINI~1\\AppData\\Local\\Temp\\rust_mozprofile.xkshIe99xllN"
1521793689951	Marionette	INFO	Listening on port 11183
1521793690567	Marionette	WARN	TLS certificate errors will be ignored for this session
Unable to read VR Path Registry from C:\Users\Administrator\AppData\Local\openvr\openvrpaths.vrpath
[Parent 11404, Gecko_IOThread] WARNING: pipe error: 109: file z:/build/build/src/ipc/chromium/src/chrome/common/ipc_channel_win.cc, line 346
[Parent 11404, Gecko_IOThread] WARNING: pipe error: 109: file z:/build/build/src/ipc/chromium/src/chrome/common/ipc_channel_win.cc, line 346
Unable to read VR Path Registry from C:\Users\Administrator\AppData\Local\openvr\openvrpaths.vrpath
[Child 10296, Chrome_ChildThread] WARNING: pipe error: 109: file z:/build/build/src/ipc/chromium/src/chrome/common/ipc_channel_win.cc, line 346
[Child 10296, Chrome_ChildThread] WARNING: pipe error: 109: file z:/build/build/src/ipc/chromium/src/chrome/common/ipc_channel_win.cc, line 346
Unable to read VR Path Registry from C:\Users\Administrator\AppData\Local\openvr\openvrpaths.vrpath
[Child 3276, Chrome_ChildThread] WARNING: pipe error: 109: file z:/build/build/src/ipc/chromium/src/chrome/common/ipc_channel_win.cc, line 346
[Child 3276, Chrome_ChildThread] WARNING: pipe error: 109: file z:/build/build/src/ipc/chromium/src/chrome/common/ipc_channel_win.cc, line 346
Unable to read VR Path Registry from C:\Users\Administrator\AppData\Local\openvr\openvrpaths.vrpath
[Child 7376, Chrome_ChildThread] WARNING: pipe error: 109: file z:/build/build/src/ipc/chromium/src/chrome/common/ipc_channel_win.cc, line 346
Unable to read VR Path Registry from C:\Users\Administrator\AppData\Local\openvr\openvrpaths.vrpath
[GPU 9788, Chrome_ChildThread] WARNING: pipe error: 109: file z:/build/build/src/ipc/chromium/src/chrome/common/ipc_channel_win.cc, line 346

###!!! [Child][MessageChannel::SendAndWait] Error: (msgtype=0x4B0005,name=PImageBridge::Msg_WillClose) Channel error: cannot send/recv

1522048229118	geckodriver	INFO	geckodriver 0.20.0
1522048229131	geckodriver	INFO	Listening on 127.0.0.1:28419
1522048232137	mozrunner::runner	INFO	Running command: "E:\\Program Files\\Nightly\\firefox.exe" "-marionette" "-profile" "C:\\Users\\ADMINI~1\\AppData\\Local\\Temp\\rust_mozprofile.jovaG88vrhUH"
1522048237963	Marionette	INFO	Listening on port 28436
1522048238502	Marionette	WARN	TLS certificate errors will be ignored for this session
Unable to read VR Path Registry from C:\Users\Administrator\AppData\Local\openvr\openvrpaths.vrpath
[Parent 13088, Gecko_IOThread] WARNING: pipe error: 109: file z:/build/build/src/ipc/chromium/src/chrome/common/ipc_channel_win.cc, line 346
Unable to read VR Path Registry from C:\Users\Administrator\AppData\Local\openvr\openvrpaths.vrpath
[Child 11984, Chrome_ChildThread] WARNING: pipe error: 109: file z:/build/build/src/ipc/chromium/src/chrome/common/ipc_channel_win.cc, line 346
[Child 11984, Chrome_ChildThread] WARNING: pipe error: 109: file z:/build/build/src/ipc/chromium/src/chrome/common/ipc_channel_win.cc, line 346
Unable to read VR Path Registry from C:\Users\Administrator\AppData\Local\openvr\openvrpaths.vrpath
[Child 11480, Chrome_ChildThread] WARNING: pipe error: 109: file z:/build/build/src/ipc/chromium/src/chrome/common/ipc_channel_win.cc, line 346
[Child 11480, Chrome_ChildThread] WARNING: pipe error: 109: file z:/build/build/src/ipc/chromium/src/chrome/common/ipc_channel_win.cc, line 346
[Parent 13088, Gecko_IOThread] WARNING: file z:/build/build/src/ipc/chromium/src/base/process_util_win.cc, line 188
*** UTM:SVC TimerManager:registerTimer called after profile-before-change notification. Ignoring timer registration for id: telemetry_modules_ping
Unable to read VR Path Registry from C:\Users\Administrator\AppData\Local\openvr\openvrpaths.vrpath
[GPU 3620, Chrome_ChildThread] WARNING: pipe error: 109: file z:/build/build/src/ipc/chromium/src/chrome/common/ipc_channel_win.cc, line 346

###!!! [Child][MessageChannel::SendAndWait] Error: Channel error: cannot send/recv

1522053378260	geckodriver	INFO	geckodriver 0.20.0
1522053378273	geckodriver	INFO	Listening on 127.0.0.1:45506
1522053381294	mozrunner::runner	INFO	Running command: "E:\\Program Files\\Nightly\\firefox.exe" "-marionette" "-profile" "C:\\Users\\ADMINI~1\\AppData\\Local\\Temp\\rust_mozprofile.tjBzbxjBJ1TO"
1522053386308	Marionette	INFO	Listening on port 45523
1522053386617	Marionette	WARN	TLS certificate errors will be ignored for this session
Unable to read VR Path Registry from C:\Users\Administrator\AppData\Local\openvr\openvrpaths.vrpath
[Child 6628, Chrome_ChildThread] WARNING: pipe error: 109: file z:/build/build/src/ipc/chromium/src/chrome/common/ipc_channel_win.cc, line 346
Unable to read VR Path Registry from C:\Users\Administrator\AppData\Local\openvr\openvrpaths.vrpath
[Parent 9944, Gecko_IOThread] WARNING: pipe error: 109: file z:/build/build/src/ipc/chromium/src/chrome/common/ipc_channel_win.cc, line 346
Unable to read VR Path Registry from C:\Users\Administrator\AppData\Local\openvr\openvrpaths.vrpath
[Child 2144, Chrome_ChildThread] WARNING: pipe error: 109: file z:/build/build/src/ipc/chromium/src/chrome/common/ipc_channel_win.cc, line 346
[Child 2144, Chrome_ChildThread] WARNING: pipe error: 109: file z:/build/build/src/ipc/chromium/src/chrome/common/ipc_channel_win.cc, line 346
[Parent 9944, Gecko_IOThread] WARNING: pipe error: 109: file z:/build/build/src/ipc/chromium/src/chrome/common/ipc_channel_win.cc, line 346
[Parent 9944, Gecko_IOThread] WARNING: file z:/build/build/src/ipc/chromium/src/base/process_util_win.cc, line 188
*** UTM:SVC TimerManager:registerTimer called after profile-before-change notification. Ignoring timer registration for id: telemetry_modules_ping
Unable to read VR Path Registry from C:\Users\Administrator\AppData\Local\openvr\openvrpaths.vrpath
[GPU 9260, Chrome_ChildThread] WARNING: pipe error: 109: file z:/build/build/src/ipc/chromium/src/chrome/common/ipc_channel_win.cc, line 346

###!!! [Child][MessageChannel::SendAndWait] Error: Channel error: cannot send/recv

1522053548002	geckodriver	INFO	geckodriver 0.20.0
1522053548018	geckodriver	INFO	Listening on 127.0.0.1:46149
1522053551036	mozrunner::runner	INFO	Running command: "E:\\Program Files\\Nightly\\firefox.exe" "-marionette" "-profile" "C:\\Users\\ADMINI~1\\AppData\\Local\\Temp\\rust_mozprofile.plvm7SDZeSEp"
1522053555388	Marionette	INFO	Listening on port 46168
1522053556283	Marionette	WARN	TLS certificate errors will be ignored for this session
1522053640781	addons.productaddons	WARN	Failed downloading via XHR, status: 0, reason: error
Unable to read VR Path Registry from C:\Users\Administrator\AppData\Local\openvr\openvrpaths.vrpath
[Parent 12868, Gecko_IOThread] WARNING: pipe error: 109: file z:/build/build/src/ipc/chromium/src/chrome/common/ipc_channel_win.cc, line 346
[Parent 12868, Gecko_IOThread] WARNING: pipe error: 109: file z:/build/build/src/ipc/chromium/src/chrome/common/ipc_channel_win.cc, line 346
Unable to read VR Path Registry from C:\Users\Administrator\AppData\Local\openvr\openvrpaths.vrpath
[Child 14052, Chrome_ChildThread] WARNING: pipe error: 109: file z:/build/build/src/ipc/chromium/src/chrome/common/ipc_channel_win.cc, line 346
Unable to read VR Path Registry from C:\Users\Administrator\AppData\Local\openvr\openvrpaths.vrpath
[Child 11048, Chrome_ChildThread] WARNING: pipe error: 109: file z:/build/build/src/ipc/chromium/src/chrome/common/ipc_channel_win.cc, line 346
[Parent 12868, Gecko_IOThread] WARNING: pipe error: 109: file z:/build/build/src/ipc/chromium/src/chrome/common/ipc_channel_win.cc, line 346
[Parent 12868, Gecko_IOThread] WARNING: file z:/build/build/src/ipc/chromium/src/base/process_util_win.cc, line 188
Unable to read VR Path Registry from C:\Users\Administrator\AppData\Local\openvr\openvrpaths.vrpath
[GPU 1768, Chrome_ChildThread] WARNING: pipe error: 109: file z:/build/build/src/ipc/chromium/src/chrome/common/ipc_channel_win.cc, line 346

###!!! [Child][MessageChannel::SendAndWait] Error: Channel error: cannot send/recv

1522055278380	geckodriver	INFO	geckodriver 0.20.0
1522055278391	geckodriver	INFO	Listening on 127.0.0.1:52390
1522055281396	mozrunner::runner	INFO	Running command: "E:\\Program Files\\Nightly\\firefox.exe" "-marionette" "-profile" "C:\\Users\\ADMINI~1\\AppData\\Local\\Temp\\rust_mozprofile.s1U0eKXVtgUJ"
1522055284939	Marionette	INFO	Listening on port 52407
1522055285222	Marionette	WARN	TLS certificate errors will be ignored for this session
1522055286777	addons.xpi	WARN	Exception running bootstrap method shutdown on activity-stream@mozilla.org: Error: It looks like the db connection has not initialized yet. Are you use .init was called? (resource://activity-stream/lib/ActivityStreamStorage.jsm:14:13) JS Stack trace: get db@ActivityStreamStorage.jsm:14:13
getStore@ActivityStreamStorage.jsm:20:5
set@ActivityStreamStorage.jsm:28:12
uninit@SnippetsFeed.jsm:183:5
onAction@SnippetsFeed.jsm:204:9
_middleware/</<@Store.jsm:49:11
Store/this[method]@Store.jsm:28:55
uninit@Store.jsm:151:7
uninit@ActivityStream.jsm:299:5
uninit@resource://gre/modules/addons/XPIProvider.jsm -> jar:file:///E:/Program%20Files/Nightly/browser/features/activity-stream@bootstrap.js:79:5
shutdown@resource://gre/modules/addons/XPIProvider.jsm -> jar:file:///E:/Program%20Files/Nightly/browser/features/activity-stream@bootstrap.js:181:3
callBootstrapMethod@XPIProvider.jsm:4306:20
observe@XPIProvider.jsm:2182:13
GeckoDriver.prototype.quit@driver.js:3299:3
Async*despatch@server.js:288:20
async*execute@server.js:262:11
async*onPacket/<@server.js:237:15
async*onPacket@server.js:236:8
_onJSONObjectReady/<@transport.js:500:9
Unable to read VR Path Registry from C:\Users\Administrator\AppData\Local\openvr\openvrpaths.vrpath
[Child 14308, Chrome_ChildThread] WARNING: pipe error: 109: file z:/build/build/src/ipc/chromium/src/chrome/common/ipc_channel_win.cc, line 346
[Child 14308, Chrome_ChildThread] WARNING: pipe error: 109: file z:/build/build/src/ipc/chromium/src/chrome/common/ipc_channel_win.cc, line 346
Unable to read VR Path Registry from C:\Users\Administrator\AppData\Local\openvr\openvrpaths.vrpath
[Child 12564, Chrome_ChildThread] WARNING: pipe error: 109: file z:/build/build/src/ipc/chromium/src/chrome/common/ipc_channel_win.cc, line 346
[Child 12564, Chrome_ChildThread] WARNING: pipe error: 109: file z:/build/build/src/ipc/chromium/src/chrome/common/ipc_channel_win.cc, line 346
Unable to read VR Path Registry from C:\Users\Administrator\AppData\Local\openvr\openvrpaths.vrpath
[Parent 11752, Gecko_IOThread] WARNING: file z:/build/build/src/ipc/chromium/src/base/process_util_win.cc, line 188
[Parent 11752, Gecko_IOThread] WARNING: pipe error: 109: file z:/build/build/src/ipc/chromium/src/chrome/common/ipc_channel_win.cc, line 346
Unable to read VR Path Registry from C:\Users\Administrator\AppData\Local\openvr\openvrpaths.vrpath
[Child 10004, Chrome_ChildThread] WARNING: pipe error: 109: file z:/build/build/src/ipc/chromium/src/chrome/common/ipc_channel_win.cc, line 346
*** UTM:SVC TimerManager:registerTimer called after profile-before-change notification. Ignoring timer registration for id: telemetry_modules_ping
Unable to read VR Path Registry from C:\Users\Administrator\AppData\Local\openvr\openvrpaths.vrpath
[GPU 9864, Chrome_ChildThread] WARNING: pipe error: 109: file z:/build/build/src/ipc/chromium/src/chrome/common/ipc_channel_win.cc, line 346

###!!! [Child][MessageChannel::SendAndWait] Error: Channel error: cannot send/recv

1522055290124	geckodriver::marionette	ERROR	Failed to stop browser process
1522055369774	geckodriver	INFO	geckodriver 0.20.0
1522055369786	geckodriver	INFO	Listening on 127.0.0.1:52700
1522055372790	mozrunner::runner	INFO	Running command: "E:\\Program Files\\Nightly\\firefox.exe" "-marionette" "-profile" "C:\\Users\\ADMINI~1\\AppData\\Local\\Temp\\rust_mozprofile.KgbDClThJEY3"
1522055376505	Marionette	INFO	Listening on port 52717
1522055376901	Marionette	WARN	TLS certificate errors will be ignored for this session
1522055378038	addons.xpi	WARN	Exception running bootstrap method shutdown on activity-stream@mozilla.org: Error: It looks like the db connection has not initialized yet. Are you use .init was called? (resource://activity-stream/lib/ActivityStreamStorage.jsm:14:13) JS Stack trace: get db@ActivityStreamStorage.jsm:14:13
getStore@ActivityStreamStorage.jsm:20:5
set@ActivityStreamStorage.jsm:28:12
uninit@SnippetsFeed.jsm:183:5
onAction@SnippetsFeed.jsm:204:9
_middleware/</<@Store.jsm:49:11
Store/this[method]@Store.jsm:28:55
uninit@Store.jsm:151:7
uninit@ActivityStream.jsm:299:5
uninit@resource://gre/modules/addons/XPIProvider.jsm -> jar:file:///E:/Program%20Files/Nightly/browser/features/activity-stream@bootstrap.js:79:5
shutdown@resource://gre/modules/addons/XPIProvider.jsm -> jar:file:///E:/Program%20Files/Nightly/browser/features/activity-stream@bootstrap.js:181:3
callBootstrapMethod@XPIProvider.jsm:4306:20
observe@XPIProvider.jsm:2182:13
GeckoDriver.prototype.quit@driver.js:3299:3
Async*despatch@server.js:288:20
async*execute@server.js:262:11
async*onPacket/<@server.js:237:15
async*onPacket@server.js:236:8
_onJSONObjectReady/<@transport.js:500:9
Unable to read VR Path Registry from C:\Users\Administrator\AppData\Local\openvr\openvrpaths.vrpath
[Parent 13628, Gecko_IOThread] WARNING: pipe error: 109: file z:/build/build/src/ipc/chromium/src/chrome/common/ipc_channel_win.cc, line 346
Unable to read VR Path Registry from C:\Users\Administrator\AppData\Local\openvr\openvrpaths.vrpath
[Child 5264, Chrome_ChildThread] WARNING: pipe error: 109: file z:/build/build/src/ipc/chromium/src/chrome/common/ipc_channel_win.cc, line 346
[Child 5264, Chrome_ChildThread] WARNING: pipe error: 109: file z:/build/build/src/ipc/chromium/src/chrome/common/ipc_channel_win.cc, line 346
Unable to read VR Path Registry from C:\Users\Administrator\AppData\Local\openvr\openvrpaths.vrpath
[Child 8980, Chrome_ChildThread] WARNING: pipe error: 109: file z:/build/build/src/ipc/chromium/src/chrome/common/ipc_channel_win.cc, line 346
Unable to read VR Path Registry from C:\Users\Administrator\AppData\Local\openvr\openvrpaths.vrpath
[Child 11416, Chrome_ChildThread] WARNING: pipe error: 109: file z:/build/build/src/ipc/chromium/src/chrome/common/ipc_channel_win.cc, line 346
[Child 11416, Chrome_ChildThread] WARNING: pipe error: 109: file z:/build/build/src/ipc/chromium/src/chrome/common/ipc_channel_win.cc, line 346
[Parent 13628, Gecko_IOThread] WARNING: file z:/build/build/src/ipc/chromium/src/base/process_util_win.cc, line 188
*** UTM:SVC TimerManager:registerTimer called after profile-before-change notification. Ignoring timer registration for id: telemetry_modules_ping
Unable to read VR Path Registry from C:\Users\Administrator\AppData\Local\openvr\openvrpaths.vrpath
[GPU 11832, Chrome_ChildThread] WARNING: pipe error: 109: file z:/build/build/src/ipc/chromium/src/chrome/common/ipc_channel_win.cc, line 346

###!!! [Child][MessageChannel::SendAndWait] Error: Channel error: cannot send/recv

1522055381226	geckodriver::marionette	ERROR	Failed to stop browser process
1522055877621	geckodriver	INFO	geckodriver 0.20.0
1522055877634	geckodriver	INFO	Listening on 127.0.0.1:54294
1522055880640	mozrunner::runner	INFO	Running command: "E:\\Program Files\\Nightly\\firefox.exe" "-marionette" "-profile" "C:\\Users\\ADMINI~1\\AppData\\Local\\Temp\\rust_mozprofile.xnwPKwZntxpa"
1522055884750	Marionette	INFO	Listening on port 54311
1522055885074	Marionette	WARN	TLS certificate errors will be ignored for this session
1522055885799	addons.xpi	WARN	Exception running bootstrap method shutdown on activity-stream@mozilla.org: Error: It looks like the db connection has not initialized yet. Are you use .init was called? (resource://activity-stream/lib/ActivityStreamStorage.jsm:14:13) JS Stack trace: get db@ActivityStreamStorage.jsm:14:13
getStore@ActivityStreamStorage.jsm:20:5
set@ActivityStreamStorage.jsm:28:12
uninit@SnippetsFeed.jsm:183:5
onAction@SnippetsFeed.jsm:204:9
_middleware/</<@Store.jsm:49:11
Store/this[method]@Store.jsm:28:55
uninit@Store.jsm:151:7
uninit@ActivityStream.jsm:299:5
uninit@resource://gre/modules/addons/XPIProvider.jsm -> jar:file:///E:/Program%20Files/Nightly/browser/features/activity-stream@bootstrap.js:79:5
shutdown@resource://gre/modules/addons/XPIProvider.jsm -> jar:file:///E:/Program%20Files/Nightly/browser/features/activity-stream@bootstrap.js:181:3
callBootstrapMethod@XPIProvider.jsm:4306:20
observe@XPIProvider.jsm:2182:13
GeckoDriver.prototype.quit@driver.js:3299:3
Async*despatch@server.js:288:20
async*execute@server.js:262:11
async*onPacket/<@server.js:237:15
async*onPacket@server.js:236:8
_onJSONObjectReady/<@transport.js:500:9
Unable to read VR Path Registry from C:\Users\Administrator\AppData\Local\openvr\openvrpaths.vrpath
[Child 14128, Chrome_ChildThread] WARNING: pipe error: 109: file z:/build/build/src/ipc/chromium/src/chrome/common/ipc_channel_win.cc, line 346
[Child 14128, Chrome_ChildThread] WARNING: pipe error: 109: file z:/build/build/src/ipc/chromium/src/chrome/common/ipc_channel_win.cc, line 346
Unable to read VR Path Registry from C:\Users\Administrator\AppData\Local\openvr\openvrpaths.vrpath
[Child 13484, Chrome_ChildThread] WARNING: pipe error: 109: file z:/build/build/src/ipc/chromium/src/chrome/common/ipc_channel_win.cc, line 346
[Child 13484, Chrome_ChildThread] WARNING: pipe error: 109: file z:/build/build/src/ipc/chromium/src/chrome/common/ipc_channel_win.cc, line 346
Unable to read VR Path Registry from C:\Users\Administrator\AppData\Local\openvr\openvrpaths.vrpath
[Parent 8636, Gecko_IOThread] WARNING: file z:/build/build/src/ipc/chromium/src/base/process_util_win.cc, line 188
Unable to read VR Path Registry from C:\Users\Administrator\AppData\Local\openvr\openvrpaths.vrpath
[Child 14180, Chrome_ChildThread] WARNING: pipe error: 109: file z:/build/build/src/ipc/chromium/src/chrome/common/ipc_channel_win.cc, line 346
[Child 14180, Chrome_ChildThread] WARNING: pipe error: 109: file z:/build/build/src/ipc/chromium/src/chrome/common/ipc_channel_win.cc, line 346
*** UTM:SVC TimerManager:registerTimer called after profile-before-change notification. Ignoring timer registration for id: telemetry_modules_ping
Unable to read VR Path Registry from C:\Users\Administrator\AppData\Local\openvr\openvrpaths.vrpath
[GPU 13260, Chrome_ChildThread] WARNING: pipe error: 109: file z:/build/build/src/ipc/chromium/src/chrome/common/ipc_channel_win.cc, line 346

###!!! [Child][MessageChannel::SendAndWait] Error: Channel error: cannot send/recv

1522055888940	geckodriver::marionette	ERROR	Failed to stop browser process
1522225238782	geckodriver	INFO	geckodriver 0.20.0
1522225238795	geckodriver	INFO	Listening on 127.0.0.1:11694
1522225241818	mozrunner::runner	INFO	Running command: "E:\\Program Files\\Nightly\\firefox.exe" "-marionette" "-profile" "C:\\Users\\ADMINI~1\\AppData\\Local\\Temp\\rust_mozprofile.aPlUN5zUE1fP"
1522225247306	Marionette	INFO	Listening on port 11702
1522225247551	Marionette	WARN	TLS certificate errors will be ignored for this session
1522225249271	addons.xpi	WARN	Exception running bootstrap method shutdown on activity-stream@mozilla.org: Error: It looks like the db connection has not initialized yet. Are you use .init was called? (resource://activity-stream/lib/ActivityStreamStorage.jsm:14:13) JS Stack trace: get db@ActivityStreamStorage.jsm:14:13
getStore@ActivityStreamStorage.jsm:20:5
set@ActivityStreamStorage.jsm:28:12
uninit@SnippetsFeed.jsm:183:5
onAction@SnippetsFeed.jsm:204:9
_middleware/</<@Store.jsm:49:11
Store/this[method]@Store.jsm:28:55
uninit@Store.jsm:151:7
uninit@ActivityStream.jsm:299:5
uninit@resource://gre/modules/addons/XPIProvider.jsm -> jar:file:///E:/Program%20Files/Nightly/browser/features/activity-stream@bootstrap.js:79:5
shutdown@resource://gre/modules/addons/XPIProvider.jsm -> jar:file:///E:/Program%20Files/Nightly/browser/features/activity-stream@bootstrap.js:181:3
callBootstrapMethod@XPIProvider.jsm:4306:20
observe@XPIProvider.jsm:2182:13
GeckoDriver.prototype.quit@driver.js:3299:3
Async*despatch@server.js:288:20
async*execute@server.js:262:11
async*onPacket/<@server.js:237:15
async*onPacket@server.js:236:8
_onJSONObjectReady/<@transport.js:500:9
Unable to read VR Path Registry from C:\Users\Administrator\AppData\Local\openvr\openvrpaths.vrpath
[Child 7356, Chrome_ChildThread] WARNING: pipe error: 109: file z:/build/build/src/ipc/chromium/src/chrome/common/ipc_channel_win.cc, line 346
[Child 7356, Chrome_ChildThread] WARNING: pipe error: 109: file z:/build/build/src/ipc/chromium/src/chrome/common/ipc_channel_win.cc, line 346
Unable to read VR Path Registry from C:\Users\Administrator\AppData\Local\openvr\openvrpaths.vrpath
[Parent 9228, Gecko_IOThread] WARNING: pipe error: 109: file z:/build/build/src/ipc/chromium/src/chrome/common/ipc_channel_win.cc, line 346
*** UTM:SVC TimerManager:registerTimer called after profile-before-change notification. Ignoring timer registration for id: telemetry_modules_ping

###!!! [Child][MessageChannel::SendAndWait] Error: Channel error: cannot send/recv

1522225251839	geckodriver::marionette	ERROR	Failed to stop browser process
1522294250763	geckodriver	INFO	geckodriver 0.20.0
1522294250776	geckodriver	INFO	Listening on 127.0.0.1:18220
1522294253787	mozrunner::runner	INFO	Running command: "E:\\Program Files\\Nightly\\firefox.exe" "-marionette" "-profile" "C:\\Users\\ADMINI~1\\AppData\\Local\\Temp\\rust_mozprofile.vy9gcF0zuSrC"
1522294257783	Marionette	INFO	Listening on port 18228
1522294257955	Marionette	WARN	TLS certificate errors will be ignored for this session
1522294259488	addons.xpi	WARN	Exception running bootstrap method shutdown on activity-stream@mozilla.org: Error: It looks like the db connection has not initialized yet. Are you use .init was called? (resource://activity-stream/lib/ActivityStreamStorage.jsm:14:13) JS Stack trace: get db@ActivityStreamStorage.jsm:14:13
getStore@ActivityStreamStorage.jsm:20:5
set@ActivityStreamStorage.jsm:28:12
uninit@SnippetsFeed.jsm:183:5
onAction@SnippetsFeed.jsm:204:9
_middleware/</<@Store.jsm:49:11
Store/this[method]@Store.jsm:28:55
uninit@Store.jsm:151:7
uninit@ActivityStream.jsm:299:5
uninit@resource://gre/modules/addons/XPIProvider.jsm -> jar:file:///E:/Program%20Files/Nightly/browser/features/activity-stream@bootstrap.js:79:5
shutdown@resource://gre/modules/addons/XPIProvider.jsm -> jar:file:///E:/Program%20Files/Nightly/browser/features/activity-stream@bootstrap.js:181:3
callBootstrapMethod@XPIProvider.jsm:4306:20
observe@XPIProvider.jsm:2182:13
GeckoDriver.prototype.quit@driver.js:3299:3
Async*despatch@server.js:288:20
async*execute@server.js:262:11
async*onPacket/<@server.js:237:15
async*onPacket@server.js:236:8
_onJSONObjectReady/<@transport.js:500:9
Unable to read VR Path Registry from C:\Users\Administrator\AppData\Local\openvr\openvrpaths.vrpath
[Child 13108, Chrome_ChildThread] WARNING: pipe error: 109: file z:/build/build/src/ipc/chromium/src/chrome/common/ipc_channel_win.cc, line 346
[Child 13108, Chrome_ChildThread] WARNING: pipe error: 109: file z:/build/build/src/ipc/chromium/src/chrome/common/ipc_channel_win.cc, line 346
Unable to read VR Path Registry from C:\Users\Administrator\AppData\Local\openvr\openvrpaths.vrpath
[Child 15228, Chrome_ChildThread] WARNING: pipe error: 109: file z:/build/build/src/ipc/chromium/src/chrome/common/ipc_channel_win.cc, line 346
[Child 15228, Chrome_ChildThread] WARNING: pipe error: 109: file z:/build/build/src/ipc/chromium/src/chrome/common/ipc_channel_win.cc, line 346
Unable to read VR Path Registry from C:\Users\Administrator\AppData\Local\openvr\openvrpaths.vrpath
[Child 10924, Chrome_ChildThread] WARNING: pipe error: 109: file z:/build/build/src/ipc/chromium/src/chrome/common/ipc_channel_win.cc, line 346
[Child 10924, Chrome_ChildThread] WARNING: pipe error: 109: file z:/build/build/src/ipc/chromium/src/chrome/common/ipc_channel_win.cc, line 346
*** UTM:SVC TimerManager:registerTimer called after profile-before-change notification. Ignoring timer registration for id: telemetry_modules_ping
Unable to read VR Path Registry from C:\Users\Administrator\AppData\Local\openvr\openvrpaths.vrpath
[GPU 3196, Chrome_ChildThread] WARNING: pipe error: 109: file z:/build/build/src/ipc/chromium/src/chrome/common/ipc_channel_win.cc, line 346

###!!! [Child][MessageChannel::SendAndWait] Error: Channel error: cannot send/recv

Unable to read VR Path Registry from C:\Users\Administrator\AppData\Local\openvr\openvrpaths.vrpath
1522294261939	geckodriver::marionette	ERROR	Failed to stop browser process
1522296539508	geckodriver	INFO	geckodriver 0.20.0
1522296539520	geckodriver	INFO	Listening on 127.0.0.1:18651
1522296542530	mozrunner::runner	INFO	Running command: "E:\\Program Files\\Nightly\\firefox.exe" "-marionette" "-profile" "C:\\Users\\ADMINI~1\\AppData\\Local\\Temp\\rust_mozprofile.qxEwufs5yTTg"
1522296546729	Marionette	INFO	Listening on port 18659
1522296547764	Marionette	WARN	TLS certificate errors will be ignored for this session
Unable to read VR Path Registry from C:\Users\Administrator\AppData\Local\openvr\openvrpaths.vrpath
[Child 14892, Chrome_ChildThread] WARNING: pipe error: 109: file z:/build/build/src/ipc/chromium/src/chrome/common/ipc_channel_win.cc, line 346
[Child 14892, Chrome_ChildThread] WARNING: pipe error: 109: file z:/build/build/src/ipc/chromium/src/chrome/common/ipc_channel_win.cc, line 346
Unable to read VR Path Registry from C:\Users\Administrator\AppData\Local\openvr\openvrpaths.vrpath
[Child 8504, Chrome_ChildThread] WARNING: pipe error: 109: file z:/build/build/src/ipc/chromium/src/chrome/common/ipc_channel_win.cc, line 346
[Child 8504, Chrome_ChildThread] WARNING: pipe error: 109: file z:/build/build/src/ipc/chromium/src/chrome/common/ipc_channel_win.cc, line 346
Unable to read VR Path Registry from C:\Users\Administrator\AppData\Local\openvr\openvrpaths.vrpath
[Child 7288, Chrome_ChildThread] WARNING: pipe error: 109: file z:/build/build/src/ipc/chromium/src/chrome/common/ipc_channel_win.cc, line 346
[Child 7288, Chrome_ChildThread] WARNING: pipe error: 109: file z:/build/build/src/ipc/chromium/src/chrome/common/ipc_channel_win.cc, line 346
*** UTM:SVC TimerManager:registerTimer called after profile-before-change notification. Ignoring timer registration for id: telemetry_modules_ping

###!!! [Child][MessageChannel::SendAndWait] Error: Channel error: cannot send/recv

Unable to read VR Path Registry from C:\Users\Administrator\AppData\Local\openvr\openvrpaths.vrpath
1522296553575	geckodriver::marionette	ERROR	Failed to stop browser process
1522312617599	geckodriver	INFO	geckodriver 0.20.0
1522312617613	geckodriver	INFO	Listening on 127.0.0.1:23466
1522312620617	mozrunner::runner	INFO	Running command: "E:\\Program Files\\Nightly\\firefox.exe" "-marionette" "-profile" "C:\\Users\\ADMINI~1\\AppData\\Local\\Temp\\rust_mozprofile.1MD1RIniwHYY"
1522312625496	Marionette	INFO	Listening on port 23474
1522312625855	Marionette	WARN	TLS certificate errors will be ignored for this session
1522312626451	addons.xpi	WARN	Exception running bootstrap method shutdown on activity-stream@mozilla.org: Error: It looks like the db connection has not initialized yet. Are you use .init was called? (resource://activity-stream/lib/ActivityStreamStorage.jsm:14:13) JS Stack trace: get db@ActivityStreamStorage.jsm:14:13
getStore@ActivityStreamStorage.jsm:20:5
set@ActivityStreamStorage.jsm:28:12
uninit@SnippetsFeed.jsm:183:5
onAction@SnippetsFeed.jsm:204:9
_middleware/</<@Store.jsm:49:11
Store/this[method]@Store.jsm:28:55
uninit@Store.jsm:151:7
uninit@ActivityStream.jsm:299:5
uninit@resource://gre/modules/addons/XPIProvider.jsm -> jar:file:///E:/Program%20Files/Nightly/browser/features/activity-stream@bootstrap.js:79:5
shutdown@resource://gre/modules/addons/XPIProvider.jsm -> jar:file:///E:/Program%20Files/Nightly/browser/features/activity-stream@bootstrap.js:181:3
callBootstrapMethod@XPIProvider.jsm:4306:20
observe@XPIProvider.jsm:2182:13
GeckoDriver.prototype.quit@driver.js:3299:3
Async*despatch@server.js:288:20
async*execute@server.js:262:11
async*onPacket/<@server.js:237:15
async*onPacket@server.js:236:8
_onJSONObjectReady/<@transport.js:500:9
Unable to read VR Path Registry from C:\Users\Administrator\AppData\Local\openvr\openvrpaths.vrpath
[Child 6844, Chrome_ChildThread] WARNING: pipe error: 109: file z:/build/build/src/ipc/chromium/src/chrome/common/ipc_channel_win.cc, line 346
[Child 6844, Chrome_ChildThread] WARNING: pipe error: 109: file z:/build/build/src/ipc/chromium/src/chrome/common/ipc_channel_win.cc, line 346
Unable to read VR Path Registry from C:\Users\Administrator\AppData\Local\openvr\openvrpaths.vrpath
[Child 5572, Chrome_ChildThread] WARNING: pipe error: 109: file z:/build/build/src/ipc/chromium/src/chrome/common/ipc_channel_win.cc, line 346
[Child 5572, Chrome_ChildThread] WARNING: pipe error: 109: file z:/build/build/src/ipc/chromium/src/chrome/common/ipc_channel_win.cc, line 346
Unable to read VR Path Registry from C:\Users\Administrator\AppData\Local\openvr\openvrpaths.vrpath
[Parent 11348, Gecko_IOThread] WARNING: pipe error: 109: file z:/build/build/src/ipc/chromium/src/chrome/common/ipc_channel_win.cc, line 346
Unable to read VR Path Registry from C:\Users\Administrator\AppData\Local\openvr\openvrpaths.vrpath
[Child 12524, Chrome_ChildThread] WARNING: pipe error: 109: file z:/build/build/src/ipc/chromium/src/chrome/common/ipc_channel_win.cc, line 346
*** UTM:SVC TimerManager:registerTimer called after profile-before-change notification. Ignoring timer registration for id: telemetry_modules_ping
Unable to read VR Path Registry from C:\Users\Administrator\AppData\Local\openvr\openvrpaths.vrpath
[GPU 14348, Chrome_ChildThread] WARNING: pipe error: 109: file z:/build/build/src/ipc/chromium/src/chrome/common/ipc_channel_win.cc, line 346

###!!! [Child][MessageChannel::SendAndWait] Error: Channel error: cannot send/recv

1522312630025	geckodriver::marionette	ERROR	Failed to stop browser process
1522312768951	geckodriver	INFO	geckodriver 0.20.0
1522312768963	geckodriver	INFO	Listening on 127.0.0.1:23510
1522312771974	mozrunner::runner	INFO	Running command: "E:\\Program Files\\Nightly\\firefox.exe" "-marionette" "-profile" "C:\\Users\\ADMINI~1\\AppData\\Local\\Temp\\rust_mozprofile.zo9utOnxx6ri"
1522312776115	Marionette	INFO	Listening on port 23521
1522312777206	Marionette	WARN	TLS certificate errors will be ignored for this session
Unable to read VR Path Registry from C:\Users\Administrator\AppData\Local\openvr\openvrpaths.vrpath
[Child 12280, Chrome_ChildThread] WARNING: pipe error: 109: file z:/build/build/src/ipc/chromium/src/chrome/common/ipc_channel_win.cc, line 346
[Child 12280, Chrome_ChildThread] WARNING: pipe error: 109: file z:/build/build/src/ipc/chromium/src/chrome/common/ipc_channel_win.cc, line 346
Unable to read VR Path Registry from C:\Users\Administrator\AppData\Local\openvr\openvrpaths.vrpath
[Child 5428, Chrome_ChildThread] WARNING: pipe error: 109: file z:/build/build/src/ipc/chromium/src/chrome/common/ipc_channel_win.cc, line 346
[Child 5428, Chrome_ChildThread] WARNING: pipe error: 109: file z:/build/build/src/ipc/chromium/src/chrome/common/ipc_channel_win.cc, line 346
Unable to read VR Path Registry from C:\Users\Administrator\AppData\Local\openvr\openvrpaths.vrpath
[Child 9092, Chrome_ChildThread] WARNING: pipe error: 109: file z:/build/build/src/ipc/chromium/src/chrome/common/ipc_channel_win.cc, line 346
[Child 9092, Chrome_ChildThread] WARNING: pipe error: 109: file z:/build/build/src/ipc/chromium/src/chrome/common/ipc_channel_win.cc, line 346
Unable to read VR Path Registry from C:\Users\Administrator\AppData\Local\openvr\openvrpaths.vrpath
[Parent 2140, Gecko_IOThread] WARNING: file z:/build/build/src/ipc/chromium/src/base/process_util_win.cc, line 188
*** UTM:SVC TimerManager:registerTimer called after profile-before-change notification. Ignoring timer registration for id: telemetry_modules_ping

###!!! [Child][MessageChannel::SendAndWait] Error: Channel error: cannot send/recv

1522312782144	geckodriver::marionette	ERROR	Failed to stop browser process
1522313203182	geckodriver	INFO	geckodriver 0.20.0
1522313203195	geckodriver	INFO	Listening on 127.0.0.1:23603
1522313206205	mozrunner::runner	INFO	Running command: "E:\\Program Files\\Nightly\\firefox.exe" "-marionette" "-profile" "C:\\Users\\ADMINI~1\\AppData\\Local\\Temp\\rust_mozprofile.Z0777rINivjX"
1522313210074	Marionette	INFO	Listening on port 23611
1522313210334	Marionette	WARN	TLS certificate errors will be ignored for this session
Unable to read VR Path Registry from C:\Users\Administrator\AppData\Local\openvr\openvrpaths.vrpath
[Child 7224, Chrome_ChildThread] WARNING: pipe error: 109: file z:/build/build/src/ipc/chromium/src/chrome/common/ipc_channel_win.cc, line 346
[Child 7224, Chrome_ChildThread] WARNING: pipe error: 109: file z:/build/build/src/ipc/chromium/src/chrome/common/ipc_channel_win.cc, line 346
Unable to read VR Path Registry from C:\Users\Administrator\AppData\Local\openvr\openvrpaths.vrpath
[Child 9288, Chrome_ChildThread] WARNING: pipe error: 109: file z:/build/build/src/ipc/chromium/src/chrome/common/ipc_channel_win.cc, line 346
[Child 9288, Chrome_ChildThread] WARNING: pipe error: 109: file z:/build/build/src/ipc/chromium/src/chrome/common/ipc_channel_win.cc, line 346
Unable to read VR Path Registry from C:\Users\Administrator\AppData\Local\openvr\openvrpaths.vrpath
[Child 5920, Chrome_ChildThread] WARNING: pipe error: 109: file z:/build/build/src/ipc/chromium/src/chrome/common/ipc_channel_win.cc, line 346
[Child 5920, Chrome_ChildThread] WARNING: pipe error: 109: file z:/build/build/src/ipc/chromium/src/chrome/common/ipc_channel_win.cc, line 346
Unable to read VR Path Registry from C:\Users\Administrator\AppData\Local\openvr\openvrpaths.vrpath
[Parent 4224, Gecko_IOThread] WARNING: file z:/build/build/src/ipc/chromium/src/base/process_util_win.cc, line 188
*** UTM:SVC TimerManager:registerTimer called after profile-before-change notification. Ignoring timer registration for id: telemetry_modules_ping

###!!! [Child][MessageChannel::SendAndWait] Error: Channel error: cannot send/recv

1522313215314	geckodriver::marionette	ERROR	Failed to stop browser process
1522316722667	geckodriver	INFO	geckodriver 0.20.0
1522316722678	geckodriver	INFO	Listening on 127.0.0.1:24093
1522316725690	mozrunner::runner	INFO	Running command: "E:\\Program Files\\Nightly\\firefox.exe" "-marionette" "-profile" "C:\\Users\\ADMINI~1\\AppData\\Local\\Temp\\rust_mozprofile.5PpKmIFieCCJ"
1522316730113	Marionette	INFO	Listening on port 24101
1522316730920	Marionette	WARN	TLS certificate errors will be ignored for this session
1522316732397	addons.xpi	WARN	Exception running bootstrap method shutdown on activity-stream@mozilla.org: Error: It looks like the db connection has not initialized yet. Are you use .init was called? (resource://activity-stream/lib/ActivityStreamStorage.jsm:14:13) JS Stack trace: get db@ActivityStreamStorage.jsm:14:13
getStore@ActivityStreamStorage.jsm:20:5
set@ActivityStreamStorage.jsm:28:12
uninit@SnippetsFeed.jsm:183:5
onAction@SnippetsFeed.jsm:204:9
_middleware/</<@Store.jsm:49:11
Store/this[method]@Store.jsm:28:55
uninit@Store.jsm:151:7
uninit@ActivityStream.jsm:299:5
uninit@resource://gre/modules/addons/XPIProvider.jsm -> jar:file:///E:/Program%20Files/Nightly/browser/features/activity-stream@bootstrap.js:79:5
shutdown@resource://gre/modules/addons/XPIProvider.jsm -> jar:file:///E:/Program%20Files/Nightly/browser/features/activity-stream@bootstrap.js:181:3
callBootstrapMethod@XPIProvider.jsm:4306:20
observe@XPIProvider.jsm:2182:13
GeckoDriver.prototype.quit@driver.js:3299:3
Async*despatch@server.js:288:20
async*execute@server.js:262:11
async*onPacket/<@server.js:237:15
async*onPacket@server.js:236:8
_onJSONObjectReady/<@transport.js:500:9
Unable to read VR Path Registry from C:\Users\Administrator\AppData\Local\openvr\openvrpaths.vrpath
[Parent 8616, Gecko_IOThread] WARNING: pipe error: 109: file z:/build/build/src/ipc/chromium/src/chrome/common/ipc_channel_win.cc, line 346
Unable to read VR Path Registry from C:\Users\Administrator\AppData\Local\openvr\openvrpaths.vrpath
[Child 9396, Chrome_ChildThread] WARNING: pipe error: 109: file z:/build/build/src/ipc/chromium/src/chrome/common/ipc_channel_win.cc, line 346
[Child 9396, Chrome_ChildThread] WARNING: pipe error: 109: file z:/build/build/src/ipc/chromium/src/chrome/common/ipc_channel_win.cc, line 346
[Parent 8616, Gecko_IOThread] WARNING: pipe error: 109: file z:/build/build/src/ipc/chromium/src/chrome/common/ipc_channel_win.cc, line 346
Unable to read VR Path Registry from C:\Users\Administrator\AppData\Local\openvr\openvrpaths.vrpath
[Child 7444, Chrome_ChildThread] WARNING: pipe error: 109: file z:/build/build/src/ipc/chromium/src/chrome/common/ipc_channel_win.cc, line 346
[Child 7444, Chrome_ChildThread] WARNING: pipe error: 109: file z:/build/build/src/ipc/chromium/src/chrome/common/ipc_channel_win.cc, line 346
Unable to read VR Path Registry from C:\Users\Administrator\AppData\Local\openvr\openvrpaths.vrpath
[Child 10680, Chrome_ChildThread] WARNING: pipe error: 109: file z:/build/build/src/ipc/chromium/src/chrome/common/ipc_channel_win.cc, line 346
[Child 10680, Chrome_ChildThread] WARNING: pipe error: 109: file z:/build/build/src/ipc/chromium/src/chrome/common/ipc_channel_win.cc, line 346
[Parent 8616, Gecko_IOThread] WARNING: file z:/build/build/src/ipc/chromium/src/base/process_util_win.cc, line 188
*** UTM:SVC TimerManager:registerTimer called after profile-before-change notification. Ignoring timer registration for id: telemetry_modules_ping
Unable to read VR Path Registry from C:\Users\Administrator\AppData\Local\openvr\openvrpaths.vrpath
[GPU 10600, Chrome_ChildThread] WARNING: pipe error: 109: file z:/build/build/src/ipc/chromium/src/chrome/common/ipc_channel_win.cc, line 346

###!!! [Child][MessageChannel::SendAndWait] Error: Channel error: cannot send/recv

1522316734269	geckodriver::marionette	ERROR	Failed to stop browser process
1522316777211	geckodriver	INFO	geckodriver 0.20.0
1522316777221	geckodriver	INFO	Listening on 127.0.0.1:24133
1522316780269	mozrunner::runner	INFO	Running command: "E:\\Program Files\\Nightly\\firefox.exe" "-marionette" "-profile" "C:\\Users\\ADMINI~1\\AppData\\Local\\Temp\\rust_mozprofile.uOcT8mWiCrxT"
1522316784065	Marionette	INFO	Listening on port 24141
1522316784396	Marionette	WARN	TLS certificate errors will be ignored for this session
Unable to read VR Path Registry from C:\Users\Administrator\AppData\Local\openvr\openvrpaths.vrpath
[Child 10368, Chrome_ChildThread] WARNING: pipe error: 109: file z:/build/build/src/ipc/chromium/src/chrome/common/ipc_channel_win.cc, line 346
[Child 10368, Chrome_ChildThread] WARNING: pipe error: 109: file z:/build/build/src/ipc/chromium/src/chrome/common/ipc_channel_win.cc, line 346
Unable to read VR Path Registry from C:\Users\Administrator\AppData\Local\openvr\openvrpaths.vrpath
[Parent 13332, Gecko_IOThread] WARNING: pipe error: 109: file z:/build/build/src/ipc/chromium/src/chrome/common/ipc_channel_win.cc, line 346
Unable to read VR Path Registry from C:\Users\Administrator\AppData\Local\openvr\openvrpaths.vrpath
[Child 5304, Chrome_ChildThread] WARNING: pipe error: 109: file z:/build/build/src/ipc/chromium/src/chrome/common/ipc_channel_win.cc, line 346
[Child 5304, Chrome_ChildThread] WARNING: pipe error: 109: file z:/build/build/src/ipc/chromium/src/chrome/common/ipc_channel_win.cc, line 346
Unable to read VR Path Registry from C:\Users\Administrator\AppData\Local\openvr\openvrpaths.vrpath
[Child 15192, Chrome_ChildThread] WARNING: pipe error: 109: file z:/build/build/src/ipc/chromium/src/chrome/common/ipc_channel_win.cc, line 346
[Child 15192, Chrome_ChildThread] WARNING: pipe error: 109: file z:/build/build/src/ipc/chromium/src/chrome/common/ipc_channel_win.cc, line 346
[Parent 13332, Gecko_IOThread] WARNING: file z:/build/build/src/ipc/chromium/src/base/process_util_win.cc, line 188
*** UTM:SVC TimerManager:registerTimer called after profile-before-change notification. Ignoring timer registration for id: telemetry_modules_ping

###!!! [Child][MessageChannel::SendAndWait] Error: Channel error: cannot send/recv

1522316789401	geckodriver::marionette	ERROR	Failed to stop browser process
1522316966371	geckodriver	INFO	geckodriver 0.20.0
1522316966384	geckodriver	INFO	Listening on 127.0.0.1:24179
1522316969394	mozrunner::runner	INFO	Running command: "E:\\Program Files\\Nightly\\firefox.exe" "-marionette" "-profile" "C:\\Users\\ADMINI~1\\AppData\\Local\\Temp\\rust_mozprofile.bsER7i8MEtrz"
1522316973920	Marionette	INFO	Listening on port 24187
1522316974684	Marionette	WARN	TLS certificate errors will be ignored for this session
1522316975598	addons.xpi	WARN	Exception running bootstrap method shutdown on activity-stream@mozilla.org: Error: It looks like the db connection has not initialized yet. Are you use .init was called? (resource://activity-stream/lib/ActivityStreamStorage.jsm:14:13) JS Stack trace: get db@ActivityStreamStorage.jsm:14:13
getStore@ActivityStreamStorage.jsm:20:5
set@ActivityStreamStorage.jsm:28:12
uninit@SnippetsFeed.jsm:183:5
onAction@SnippetsFeed.jsm:204:9
_middleware/</<@Store.jsm:49:11
Store/this[method]@Store.jsm:28:55
uninit@Store.jsm:151:7
uninit@ActivityStream.jsm:299:5
uninit@resource://gre/modules/addons/XPIProvider.jsm -> jar:file:///E:/Program%20Files/Nightly/browser/features/activity-stream@bootstrap.js:79:5
shutdown@resource://gre/modules/addons/XPIProvider.jsm -> jar:file:///E:/Program%20Files/Nightly/browser/features/activity-stream@bootstrap.js:181:3
callBootstrapMethod@XPIProvider.jsm:4306:20
observe@XPIProvider.jsm:2182:13
GeckoDriver.prototype.quit@driver.js:3299:3
Async*despatch@server.js:288:20
async*execute@server.js:262:11
async*onPacket/<@server.js:237:15
async*onPacket@server.js:236:8
_onJSONObjectReady/<@transport.js:500:9
Unable to read VR Path Registry from C:\Users\Administrator\AppData\Local\openvr\openvrpaths.vrpath
[Child 13544, Chrome_ChildThread] WARNING: pipe error: 109: file z:/build/build/src/ipc/chromium/src/chrome/common/ipc_channel_win.cc, line 346
[Child 13544, Chrome_ChildThread] WARNING: pipe error: 109: file z:/build/build/src/ipc/chromium/src/chrome/common/ipc_channel_win.cc, line 346
Unable to read VR Path Registry from C:\Users\Administrator\AppData\Local\openvr\openvrpaths.vrpath
[Child 10584, Chrome_ChildThread] WARNING: pipe error: 109: file z:/build/build/src/ipc/chromium/src/chrome/common/ipc_channel_win.cc, line 346
[Child 10584, Chrome_ChildThread] WARNING: pipe error: 109: file z:/build/build/src/ipc/chromium/src/chrome/common/ipc_channel_win.cc, line 346
Unable to read VR Path Registry from C:\Users\Administrator\AppData\Local\openvr\openvrpaths.vrpath
[Child 8656, Chrome_ChildThread] WARNING: pipe error: 109: file z:/build/build/src/ipc/chromium/src/chrome/common/ipc_channel_win.cc, line 346
[Child 8656, Chrome_ChildThread] WARNING: pipe error: 109: file z:/build/build/src/ipc/chromium/src/chrome/common/ipc_channel_win.cc, line 346
*** UTM:SVC TimerManager:registerTimer called after profile-before-change notification. Ignoring timer registration for id: telemetry_modules_ping

###!!! [Child][MessageChannel::SendAndWait] Error: Channel error: cannot send/recv

Unable to read VR Path Registry from C:\Users\Administrator\AppData\Local\openvr\openvrpaths.vrpath
1522316978544	geckodriver::marionette	ERROR	Failed to stop browser process
1522317106861	geckodriver	INFO	geckodriver 0.20.0
1522317106872	geckodriver	INFO	Listening on 127.0.0.1:24222
1522317109897	mozrunner::runner	INFO	Running command: "E:\\Program Files\\Nightly\\firefox.exe" "-marionette" "-profile" "C:\\Users\\ADMINI~1\\AppData\\Local\\Temp\\rust_mozprofile.tBHD2epPzHeN"
1522317114379	Marionette	INFO	Listening on port 24230
1522317115201	Marionette	WARN	TLS certificate errors will be ignored for this session
Unable to read VR Path Registry from C:\Users\Administrator\AppData\Local\openvr\openvrpaths.vrpath
[Child 14180, Chrome_ChildThread] WARNING: pipe error: 109: file z:/build/build/src/ipc/chromium/src/chrome/common/ipc_channel_win.cc, line 346
[Child 14180, Chrome_ChildThread] WARNING: pipe error: 109: file z:/build/build/src/ipc/chromium/src/chrome/common/ipc_channel_win.cc, line 346
Unable to read VR Path Registry from C:\Users\Administrator\AppData\Local\openvr\openvrpaths.vrpath
[Child 14752, Chrome_ChildThread] WARNING: pipe error: 109: file z:/build/build/src/ipc/chromium/src/chrome/common/ipc_channel_win.cc, line 346
[Child 14752, Chrome_ChildThread] WARNING: pipe error: 109: file z:/build/build/src/ipc/chromium/src/chrome/common/ipc_channel_win.cc, line 346
Unable to read VR Path Registry from C:\Users\Administrator\AppData\Local\openvr\openvrpaths.vrpath
[Child 13740, Chrome_ChildThread] WARNING: pipe error: 109: file z:/build/build/src/ipc/chromium/src/chrome/common/ipc_channel_win.cc, line 346
[Child 13740, Chrome_ChildThread] WARNING: pipe error: 109: file z:/build/build/src/ipc/chromium/src/chrome/common/ipc_channel_win.cc, line 346
*** UTM:SVC TimerManager:registerTimer called after profile-before-change notification. Ignoring timer registration for id: telemetry_modules_ping
Unable to read VR Path Registry from C:\Users\Administrator\AppData\Local\openvr\openvrpaths.vrpath
[GPU 10916, Chrome_ChildThread] WARNING: pipe error: 109: file z:/build/build/src/ipc/chromium/src/chrome/common/ipc_channel_win.cc, line 346

###!!! [Child][MessageChannel::SendAndWait] Error: Channel error: cannot send/recv

Unable to read VR Path Registry from C:\Users\Administrator\AppData\Local\openvr\openvrpaths.vrpath
1522317121990	geckodriver::marionette	ERROR	Failed to stop browser process
1522317220244	geckodriver	INFO	geckodriver 0.20.0
1522317220255	geckodriver	INFO	Listening on 127.0.0.1:24270
1522317223262	mozrunner::runner	INFO	Running command: "E:\\Program Files\\Nightly\\firefox.exe" "-marionette" "-profile" "C:\\Users\\ADMINI~1\\AppData\\Local\\Temp\\rust_mozprofile.WFyxlqQGIby4"
1522317227694	Marionette	INFO	Listening on port 24280
1522317228477	Marionette	WARN	TLS certificate errors will be ignored for this session
Unable to read VR Path Registry from C:\Users\Administrator\AppData\Local\openvr\openvrpaths.vrpath
[Child 7528, Chrome_ChildThread] WARNING: pipe error: 109: file z:/build/build/src/ipc/chromium/src/chrome/common/ipc_channel_win.cc, line 346
[Child 7528, Chrome_ChildThread] WARNING: pipe error: 109: file z:/build/build/src/ipc/chromium/src/chrome/common/ipc_channel_win.cc, line 346
Unable to read VR Path Registry from C:\Users\Administrator\AppData\Local\openvr\openvrpaths.vrpath
[Child 7976, Chrome_ChildThread] WARNING: pipe error: 109: file z:/build/build/src/ipc/chromium/src/chrome/common/ipc_channel_win.cc, line 346
[Child 7976, Chrome_ChildThread] WARNING: pipe error: 109: file z:/build/build/src/ipc/chromium/src/chrome/common/ipc_channel_win.cc, line 346
Unable to read VR Path Registry from C:\Users\Administrator\AppData\Local\openvr\openvrpaths.vrpath
[Parent 8604, Gecko_IOThread] WARNING: file z:/build/build/src/ipc/chromium/src/base/process_util_win.cc, line 188
*** UTM:SVC TimerManager:registerTimer called after profile-before-change notification. Ignoring timer registration for id: telemetry_modules_ping

###!!! [Child][MessageChannel::SendAndWait] Error: Channel error: cannot send/recv

1522317233776	geckodriver::marionette	ERROR	Failed to stop browser process
1522317490834	geckodriver	INFO	geckodriver 0.20.0
1522317490844	geckodriver	INFO	Listening on 127.0.0.1:24346
1522317493872	mozrunner::runner	INFO	Running command: "E:\\Program Files\\Nightly\\firefox.exe" "-marionette" "-profile" "C:\\Users\\ADMINI~1\\AppData\\Local\\Temp\\rust_mozprofile.OxR4xEjM9G23"
1522317498783	Marionette	INFO	Listening on port 24354
1522317499107	Marionette	WARN	TLS certificate errors will be ignored for this session
1522317502830	addons.xpi	WARN	Exception running bootstrap method shutdown on activity-stream@mozilla.org: Error: It looks like the db connection has not initialized yet. Are you use .init was called? (resource://activity-stream/lib/ActivityStreamStorage.jsm:14:13) JS Stack trace: get db@ActivityStreamStorage.jsm:14:13
getStore@ActivityStreamStorage.jsm:20:5
set@ActivityStreamStorage.jsm:28:12
uninit@SnippetsFeed.jsm:183:5
onAction@SnippetsFeed.jsm:204:9
_middleware/</<@Store.jsm:49:11
Store/this[method]@Store.jsm:28:55
uninit@Store.jsm:151:7
uninit@ActivityStream.jsm:299:5
uninit@resource://gre/modules/addons/XPIProvider.jsm -> jar:file:///E:/Program%20Files/Nightly/browser/features/activity-stream@bootstrap.js:79:5
shutdown@resource://gre/modules/addons/XPIProvider.jsm -> jar:file:///E:/Program%20Files/Nightly/browser/features/activity-stream@bootstrap.js:181:3
callBootstrapMethod@XPIProvider.jsm:4306:20
observe@XPIProvider.jsm:2182:13
GeckoDriver.prototype.quit@driver.js:3299:3
Async*despatch@server.js:288:20
async*execute@server.js:262:11
async*onPacket/<@server.js:237:15
async*onPacket@server.js:236:8
_onJSONObjectReady/<@transport.js:500:9
Unable to read VR Path Registry from C:\Users\Administrator\AppData\Local\openvr\openvrpaths.vrpath
[Child 12912, Chrome_ChildThread] WARNING: pipe error: 109: file z:/build/build/src/ipc/chromium/src/chrome/common/ipc_channel_win.cc, line 346
[Child 12912, Chrome_ChildThread] WARNING: pipe error: 109: file z:/build/build/src/ipc/chromium/src/chrome/common/ipc_channel_win.cc, line 346
Unable to read VR Path Registry from C:\Users\Administrator\AppData\Local\openvr\openvrpaths.vrpath
[Parent 8040, Gecko_IOThread] WARNING: pipe error: 109: file z:/build/build/src/ipc/chromium/src/chrome/common/ipc_channel_win.cc, line 346
Unable to read VR Path Registry from C:\Users\Administrator\AppData\Local\openvr\openvrpaths.vrpath
[Child 15284, Chrome_ChildThread] WARNING: pipe error: 109: file z:/build/build/src/ipc/chromium/src/chrome/common/ipc_channel_win.cc, line 346
[Child 15284, Chrome_ChildThread] WARNING: pipe error: 109: file z:/build/build/src/ipc/chromium/src/chrome/common/ipc_channel_win.cc, line 346
Unable to read VR Path Registry from C:\Users\Administrator\AppData\Local\openvr\openvrpaths.vrpath
[Child 10652, Chrome_ChildThread] WARNING: pipe error: 109: file z:/build/build/src/ipc/chromium/src/chrome/common/ipc_channel_win.cc, line 346
*** UTM:SVC TimerManager:registerTimer called after profile-before-change notification. Ignoring timer registration for id: telemetry_modules_ping

###!!! [Child][MessageChannel::SendAndWait] Error: Channel error: cannot send/recv

1522317506328	geckodriver::marionette	ERROR	Failed to stop browser process
